\BOOKMARK [2][-]{Doc-Start}{title-slide}{}% 1
\BOOKMARK [1][-]{Doc-Start}{What\040Is\040Your\040Thesis\040About?}{}% 2
\BOOKMARK [2][-]{section*.1}{slide-3}{Doc-Start}% 3
\BOOKMARK [2][-]{Item.4}{slide-5}{Doc-Start}% 4
\BOOKMARK [2][-]{Item.4}{slide-7}{Doc-Start}% 5
\BOOKMARK [2][-]{Item.4}{slide-8}{Doc-Start}% 6
\BOOKMARK [2][-]{Item.4}{slide-10}{Doc-Start}% 7
\BOOKMARK [2][-]{Item.4}{slide-11}{Doc-Start}% 8
\BOOKMARK [2][-]{Item.4}{unit_online}{Doc-Start}% 9
\BOOKMARK [1][-]{Item.4}{Presenting\040Your\040Research\040Online}{}% 10
\BOOKMARK [2][-]{section*.2}{slide-17}{Item.4}% 11
\BOOKMARK [2][-]{section*.2}{slide-18}{Item.4}% 12
\BOOKMARK [2][-]{section*.2}{slide-20}{Item.4}% 13
\BOOKMARK [2][-]{section*.2}{slide-22}{Item.4}% 14
\BOOKMARK [2][-]{section*.2}{slide-26}{Item.4}% 15
\BOOKMARK [2][-]{section*.2}{unit_conference}{Item.4}% 16
\BOOKMARK [1][-]{section*.2}{Giving\040Talks}{}% 17
\BOOKMARK [2][-]{section*.3}{slide-30}{section*.2}% 18
\BOOKMARK [2][-]{section*.3}{slide-32}{section*.2}% 19
\BOOKMARK [2][-]{section*.3}{slide-35}{section*.2}% 20
\BOOKMARK [2][-]{section*.3}{slide-37}{section*.2}% 21
\BOOKMARK [2][-]{Item.10}{slide-38}{section*.2}% 22
\BOOKMARK [2][-]{Item.10}{slide-40}{section*.2}% 23
\BOOKMARK [2][-]{Item.10}{slide-41}{section*.2}% 24
\BOOKMARK [2][-]{Item.10}{slide-43}{section*.2}% 25
\BOOKMARK [2][-]{Item.14}{slide-46}{section*.2}% 26
\BOOKMARK [2][-]{Item.17}{slide-50}{section*.2}% 27
\BOOKMARK [2][-]{Item.17}{slide-52}{section*.2}% 28
\BOOKMARK [2][-]{Item.20}{slide-53}{section*.2}% 29
\BOOKMARK [2][-]{Item.20}{slide-54}{section*.2}% 30
\BOOKMARK [2][-]{Item.20}{slide-55}{section*.2}% 31
\BOOKMARK [2][-]{Item.20}{slide-57}{section*.2}% 32
\BOOKMARK [2][-]{Item.20}{slide-58}{section*.2}% 33
\BOOKMARK [2][-]{Item.20}{slide-59}{section*.2}% 34
\BOOKMARK [2][-]{Item.20}{slide-60}{section*.2}% 35
\BOOKMARK [2][-]{Item.20}{slide-62}{section*.2}% 36
\BOOKMARK [2][-]{Item.20}{slide-63}{section*.2}% 37
\BOOKMARK [2][-]{Item.20}{slide-64}{section*.2}% 38
\BOOKMARK [2][-]{Item.20}{unit_writing_an_abstract}{section*.2}% 39
\BOOKMARK [1][-]{Item.20}{Writing\040an\040Abstract}{}% 40
\BOOKMARK [2][-]{section*.4}{slide-66}{Item.20}% 41
\BOOKMARK [2][-]{section*.4}{slide-67}{Item.20}% 42
\BOOKMARK [2][-]{section*.4}{slide-68}{Item.20}% 43
\BOOKMARK [2][-]{Item.25}{unit_written_presentation}{Item.20}% 44
\BOOKMARK [1][-]{Item.25}{Presenting\040Your\040Research\040In\040Writing}{}% 45
\BOOKMARK [2][-]{section*.5}{slide-70}{Item.25}% 46
\BOOKMARK [2][-]{section*.5}{slide-72}{Item.25}% 47
\BOOKMARK [2][-]{section*.5}{slide-75}{Item.25}% 48
\BOOKMARK [2][-]{Item.30}{slide-78}{Item.25}% 49
